{"contracts/Flexacoin.sol":{"l":{"35":11,"36":11,"37":11,"44":2},"path":"/Users/zacharykilgore/src/flexa/smart-contracts/contracts/Flexacoin.sol","s":{"1":11,"2":11,"3":11,"4":2},"b":{},"f":{"1":11,"2":2},"fnMap":{"1":{"name":"Flexacoin","line":34,"loc":{"start":{"line":34,"column":2},"end":{"line":34,"column":58}}},"2":{"name":"canUpgrade","line":43,"loc":{"start":{"line":43,"column":2},"end":{"line":43,"column":49}}}},"statementMap":{"1":{"start":{"line":35,"column":4},"end":{"line":35,"column":32}},"2":{"start":{"line":36,"column":4},"end":{"line":36,"column":40}},"3":{"start":{"line":37,"column":4},"end":{"line":37,"column":50}},"4":{"start":{"line":44,"column":4},"end":{"line":44,"column":40}}},"branchMap":{}},"contracts/Recoverable.sol":{"l":{"20":1},"path":"/Users/zacharykilgore/src/flexa/smart-contracts/contracts/Recoverable.sol","s":{},"b":{},"f":{"1":1},"fnMap":{"1":{"name":"reclaimEther","line":19,"loc":{"start":{"line":19,"column":2},"end":{"line":19,"column":44}}}},"statementMap":{},"branchMap":{}},"contracts/tokenmarket/UpgradeAgent.sol":{"l":{"21":14},"path":"/Users/zacharykilgore/src/flexa/smart-contracts/contracts/tokenmarket/UpgradeAgent.sol","s":{"1":14},"b":{},"f":{"1":14},"fnMap":{"1":{"name":"isUpgradeAgent","line":20,"loc":{"start":{"line":20,"column":2},"end":{"line":20,"column":58}}}},"statementMap":{"1":{"start":{"line":21,"column":4},"end":{"line":21,"column":15}}},"branchMap":{}},"contracts/TokenVault.sol":{"l":{"73":106,"74":105,"79":23,"80":22,"85":28,"86":24,"106":46,"107":46,"109":46,"110":46,"111":46,"131":77,"132":76,"133":75,"136":74,"137":74,"139":74,"141":74,"151":28,"154":27,"157":26,"159":26,"161":26,"171":22,"173":21,"176":20,"178":20,"180":20,"189":13,"207":11,"219":24,"229":24,"230":24,"232":20,"233":20,"235":20,"237":20,"239":20},"path":"/Users/zacharykilgore/src/flexa/smart-contracts/contracts/TokenVault.sol","s":{"1":106,"2":23,"3":28,"4":46,"5":46,"6":46,"7":46,"8":46,"9":77,"10":76,"11":75,"12":74,"13":74,"14":74,"15":74,"16":28,"17":27,"18":26,"19":26,"20":26,"21":22,"22":21,"23":20,"24":20,"25":20,"26":13,"27":11,"28":24,"29":24,"30":24,"31":20,"32":20,"33":20,"34":20},"b":{"1":[105,1],"2":[22,1],"3":[24,4],"4":[46,0],"5":[46,0],"6":[76,1],"7":[75,1],"8":[74,1],"9":[27,1],"10":[26,1],"11":[21,1],"12":[20,1],"13":[20,4]},"f":{"1":106,"2":23,"3":28,"4":46,"5":77,"6":28,"7":22,"8":13,"9":11,"10":24,"11":24},"fnMap":{"1":{"name":"vaultLoading","line":72,"loc":{"start":{"line":72,"column":2},"end":{"line":72,"column":25}}},"2":{"name":"vaultLocked","line":78,"loc":{"start":{"line":78,"column":2},"end":{"line":78,"column":24}}},"3":{"name":"vaultUnlocked","line":84,"loc":{"start":{"line":84,"column":2},"end":{"line":84,"column":26}}},"4":{"name":"TokenVault","line":99,"loc":{"start":{"line":99,"column":2},"end":{"line":105,"column":3}}},"5":{"name":"setAllocation","line":122,"loc":{"start":{"line":122,"column":2},"end":{"line":130,"column":3}}},"6":{"name":"lock","line":149,"loc":{"start":{"line":149,"column":2},"end":{"line":149,"column":69}}},"7":{"name":"unlock","line":170,"loc":{"start":{"line":170,"column":2},"end":{"line":170,"column":70}}},"8":{"name":"claim","line":188,"loc":{"start":{"line":188,"column":2},"end":{"line":188,"column":61}}},"9":{"name":"transferFor","line":199,"loc":{"start":{"line":199,"column":2},"end":{"line":206,"column":3}}},"10":{"name":"_claimableTokens","line":218,"loc":{"start":{"line":218,"column":2},"end":{"line":218,"column":86}}},"11":{"name":"_transferTokens","line":228,"loc":{"start":{"line":228,"column":2},"end":{"line":228,"column":78}}}},"statementMap":{"1":{"start":{"line":73,"column":4},"end":{"line":73,"column":25}},"2":{"start":{"line":79,"column":4},"end":{"line":79,"column":24}},"3":{"start":{"line":85,"column":4},"end":{"line":85,"column":26}},"4":{"start":{"line":106,"column":4},"end":{"line":106,"column":41}},"5":{"start":{"line":107,"column":4},"end":{"line":107,"column":36}},"6":{"start":{"line":109,"column":4},"end":{"line":109,"column":17}},"7":{"start":{"line":110,"column":4},"end":{"line":110,"column":45}},"8":{"start":{"line":111,"column":4},"end":{"line":111,"column":33}},"9":{"start":{"line":131,"column":4},"end":{"line":131,"column":38}},"10":{"start":{"line":132,"column":4},"end":{"line":132,"column":24}},"11":{"start":{"line":133,"column":4},"end":{"line":133,"column":42}},"12":{"start":{"line":136,"column":4},"end":{"line":136,"column":69}},"13":{"start":{"line":137,"column":4},"end":{"line":137,"column":49}},"14":{"start":{"line":139,"column":4},"end":{"line":139,"column":41}},"15":{"start":{"line":141,"column":4},"end":{"line":141,"column":17}},"16":{"start":{"line":151,"column":4},"end":{"line":151,"column":50}},"17":{"start":{"line":154,"column":4},"end":{"line":154,"column":61}},"18":{"start":{"line":157,"column":4},"end":{"line":157,"column":29}},"19":{"start":{"line":159,"column":4},"end":{"line":159,"column":17}},"20":{"start":{"line":161,"column":4},"end":{"line":161,"column":17}},"21":{"start":{"line":171,"column":4},"end":{"line":171,"column":27}},"22":{"start":{"line":173,"column":4},"end":{"line":173,"column":58}},"23":{"start":{"line":176,"column":4},"end":{"line":176,"column":31}},"24":{"start":{"line":178,"column":4},"end":{"line":178,"column":19}},"25":{"start":{"line":180,"column":4},"end":{"line":180,"column":17}},"26":{"start":{"line":189,"column":4},"end":{"line":189,"column":38}},"27":{"start":{"line":207,"column":4},"end":{"line":207,"column":40}},"28":{"start":{"line":219,"column":4},"end":{"line":219,"column":63}},"29":{"start":{"line":229,"column":4},"end":{"line":229,"column":51}},"30":{"start":{"line":230,"column":4},"end":{"line":230,"column":23}},"31":{"start":{"line":232,"column":4},"end":{"line":232,"column":61}},"32":{"start":{"line":233,"column":4},"end":{"line":233,"column":43}},"33":{"start":{"line":237,"column":4},"end":{"line":237,"column":43}},"34":{"start":{"line":239,"column":4},"end":{"line":239,"column":17}}},"branchMap":{"1":{"line":73,"type":"if","locations":[{"start":{"line":73,"column":4},"end":{"line":73,"column":4}},{"start":{"line":73,"column":4},"end":{"line":73,"column":4}}]},"2":{"line":79,"type":"if","locations":[{"start":{"line":79,"column":4},"end":{"line":79,"column":4}},{"start":{"line":79,"column":4},"end":{"line":79,"column":4}}]},"3":{"line":85,"type":"if","locations":[{"start":{"line":85,"column":4},"end":{"line":85,"column":4}},{"start":{"line":85,"column":4},"end":{"line":85,"column":4}}]},"4":{"line":106,"type":"if","locations":[{"start":{"line":106,"column":4},"end":{"line":106,"column":4}},{"start":{"line":106,"column":4},"end":{"line":106,"column":4}}]},"5":{"line":107,"type":"if","locations":[{"start":{"line":107,"column":4},"end":{"line":107,"column":4}},{"start":{"line":107,"column":4},"end":{"line":107,"column":4}}]},"6":{"line":131,"type":"if","locations":[{"start":{"line":131,"column":4},"end":{"line":131,"column":4}},{"start":{"line":131,"column":4},"end":{"line":131,"column":4}}]},"7":{"line":132,"type":"if","locations":[{"start":{"line":132,"column":4},"end":{"line":132,"column":4}},{"start":{"line":132,"column":4},"end":{"line":132,"column":4}}]},"8":{"line":133,"type":"if","locations":[{"start":{"line":133,"column":4},"end":{"line":133,"column":4}},{"start":{"line":133,"column":4},"end":{"line":133,"column":4}}]},"9":{"line":151,"type":"if","locations":[{"start":{"line":151,"column":4},"end":{"line":151,"column":4}},{"start":{"line":151,"column":4},"end":{"line":151,"column":4}}]},"10":{"line":154,"type":"if","locations":[{"start":{"line":154,"column":4},"end":{"line":154,"column":4}},{"start":{"line":154,"column":4},"end":{"line":154,"column":4}}]},"11":{"line":171,"type":"if","locations":[{"start":{"line":171,"column":4},"end":{"line":171,"column":4}},{"start":{"line":171,"column":4},"end":{"line":171,"column":4}}]},"12":{"line":173,"type":"if","locations":[{"start":{"line":173,"column":4},"end":{"line":173,"column":4}},{"start":{"line":173,"column":4},"end":{"line":173,"column":4}}]},"13":{"line":230,"type":"if","locations":[{"start":{"line":230,"column":4},"end":{"line":230,"column":4}},{"start":{"line":230,"column":4},"end":{"line":230,"column":4}}]}}},"contracts/UpgradeableToken.sol":{"l":{"62":21,"63":19,"73":37,"74":36,"83":10,"84":10,"85":9,"88":8,"89":7,"91":7,"94":7,"96":7,"105":2,"106":1,"116":17,"117":17,"118":16,"120":15,"123":15,"125":14,"127":13,"134":29,"145":47},"path":"/Users/zacharykilgore/src/flexa/smart-contracts/contracts/UpgradeableToken.sol","s":{"1":21,"2":37,"3":36,"4":10,"5":10,"6":9,"7":8,"8":7,"9":7,"10":7,"11":2,"12":1,"13":17,"14":17,"15":16,"16":15,"17":15,"18":14,"19":13,"20":29,"21":0,"22":29,"23":17,"24":12,"25":10,"26":2,"27":47},"b":{"1":[19,2],"2":[36,1],"3":[9,1],"4":[8,1],"5":[1,1],"6":[17,0],"7":[16,1],"8":[15,1],"9":[14,1],"10":[13,1],"11":[0,29],"12":[17,12],"13":[10,2]},"f":{"1":21,"2":37,"3":10,"4":2,"5":17,"6":29,"7":47},"fnMap":{"1":{"name":"onlyUpgradeMaster","line":61,"loc":{"start":{"line":61,"column":2},"end":{"line":61,"column":30}}},"2":{"name":"UpgradeableToken","line":72,"loc":{"start":{"line":72,"column":2},"end":{"line":72,"column":58}}},"3":{"name":"upgrade","line":82,"loc":{"start":{"line":82,"column":2},"end":{"line":82,"column":41}}},"4":{"name":"setUpgradeMaster","line":104,"loc":{"start":{"line":104,"column":2},"end":{"line":104,"column":78}}},"5":{"name":"setUpgradeAgent","line":115,"loc":{"start":{"line":115,"column":2},"end":{"line":115,"column":76}}},"6":{"name":"getUpgradeState","line":133,"loc":{"start":{"line":133,"column":2},"end":{"line":133,"column":62}}},"7":{"name":"canUpgrade","line":144,"loc":{"start":{"line":144,"column":2},"end":{"line":144,"column":49}}}},"statementMap":{"1":{"start":{"line":62,"column":4},"end":{"line":62,"column":39}},"2":{"start":{"line":73,"column":4},"end":{"line":73,"column":40}},"3":{"start":{"line":74,"column":4},"end":{"line":74,"column":33}},"4":{"start":{"line":83,"column":4},"end":{"line":83,"column":41}},"5":{"start":{"line":84,"column":4},"end":{"line":84,"column":83}},"6":{"start":{"line":85,"column":4},"end":{"line":85,"column":22}},"7":{"start":{"line":88,"column":4},"end":{"line":88,"column":58}},"8":{"start":{"line":89,"column":4},"end":{"line":89,"column":42}},"9":{"start":{"line":91,"column":4},"end":{"line":91,"column":44}},"10":{"start":{"line":96,"column":4},"end":{"line":96,"column":50}},"11":{"start":{"line":105,"column":4},"end":{"line":105,"column":40}},"12":{"start":{"line":106,"column":4},"end":{"line":106,"column":33}},"13":{"start":{"line":116,"column":4},"end":{"line":116,"column":24}},"14":{"start":{"line":117,"column":4},"end":{"line":117,"column":39}},"15":{"start":{"line":118,"column":4},"end":{"line":118,"column":55}},"16":{"start":{"line":120,"column":4},"end":{"line":120,"column":45}},"17":{"start":{"line":123,"column":4},"end":{"line":123,"column":41}},"18":{"start":{"line":125,"column":4},"end":{"line":125,"column":57}},"19":{"start":{"line":127,"column":4},"end":{"line":127,"column":38}},"20":{"start":{"line":134,"column":4},"end":{"line":134,"column":4556}},"21":{"start":{"line":134,"column":22},"end":{"line":134,"column":52}},"22":{"start":{"line":135,"column":9},"end":{"line":135,"column":4615}},"23":{"start":{"line":135,"column":49},"end":{"line":135,"column":84}},"24":{"start":{"line":136,"column":9},"end":{"line":136,"column":4701}},"25":{"start":{"line":136,"column":32},"end":{"line":136,"column":66}},"26":{"start":{"line":137,"column":9},"end":{"line":137,"column":38}},"27":{"start":{"line":145,"column":4},"end":{"line":145,"column":15}}},"branchMap":{"1":{"line":62,"type":"if","locations":[{"start":{"line":62,"column":4},"end":{"line":62,"column":4}},{"start":{"line":62,"column":4},"end":{"line":62,"column":4}}]},"2":{"line":73,"type":"if","locations":[{"start":{"line":73,"column":4},"end":{"line":73,"column":4}},{"start":{"line":73,"column":4},"end":{"line":73,"column":4}}]},"3":{"line":84,"type":"if","locations":[{"start":{"line":84,"column":4},"end":{"line":84,"column":4}},{"start":{"line":84,"column":4},"end":{"line":84,"column":4}}]},"4":{"line":85,"type":"if","locations":[{"start":{"line":85,"column":4},"end":{"line":85,"column":4}},{"start":{"line":85,"column":4},"end":{"line":85,"column":4}}]},"5":{"line":105,"type":"if","locations":[{"start":{"line":105,"column":4},"end":{"line":105,"column":4}},{"start":{"line":105,"column":4},"end":{"line":105,"column":4}}]},"6":{"line":116,"type":"if","locations":[{"start":{"line":116,"column":4},"end":{"line":116,"column":4}},{"start":{"line":116,"column":4},"end":{"line":116,"column":4}}]},"7":{"line":117,"type":"if","locations":[{"start":{"line":117,"column":4},"end":{"line":117,"column":4}},{"start":{"line":117,"column":4},"end":{"line":117,"column":4}}]},"8":{"line":118,"type":"if","locations":[{"start":{"line":118,"column":4},"end":{"line":118,"column":4}},{"start":{"line":118,"column":4},"end":{"line":118,"column":4}}]},"9":{"line":123,"type":"if","locations":[{"start":{"line":123,"column":4},"end":{"line":123,"column":4}},{"start":{"line":123,"column":4},"end":{"line":123,"column":4}}]},"10":{"line":125,"type":"if","locations":[{"start":{"line":125,"column":4},"end":{"line":125,"column":4}},{"start":{"line":125,"column":4},"end":{"line":125,"column":4}}]},"11":{"line":134,"type":"if","locations":[{"start":{"line":134,"column":4},"end":{"line":134,"column":4}},{"start":{"line":134,"column":4},"end":{"line":134,"column":4}}]},"12":{"line":135,"type":"if","locations":[{"start":{"line":135,"column":9},"end":{"line":135,"column":9}},{"start":{"line":135,"column":9},"end":{"line":135,"column":9}}]},"13":{"line":136,"type":"if","locations":[{"start":{"line":136,"column":9},"end":{"line":136,"column":9}},{"start":{"line":136,"column":9},"end":{"line":136,"column":9}}]}}}}