{"contracts/Flexacoin.sol":{"l":{"35":1,"36":1,"37":1,"44":0},"path":"/Users/zacharykilgore/src/flexa/smart-contracts/contracts/Flexacoin.sol","s":{"1":1,"2":1,"3":1,"4":0},"b":{},"f":{"1":1,"2":0},"fnMap":{"1":{"name":"Flexacoin","line":34,"loc":{"start":{"line":34,"column":2},"end":{"line":34,"column":58}}},"2":{"name":"canUpgrade","line":43,"loc":{"start":{"line":43,"column":2},"end":{"line":43,"column":49}}}},"statementMap":{"1":{"start":{"line":35,"column":4},"end":{"line":35,"column":32}},"2":{"start":{"line":36,"column":4},"end":{"line":36,"column":40}},"3":{"start":{"line":37,"column":4},"end":{"line":37,"column":50}},"4":{"start":{"line":44,"column":4},"end":{"line":44,"column":40}}},"branchMap":{}},"contracts/mocks/PayableRecoverableMock.sol":{"l":{},"path":"/Users/zacharykilgore/src/flexa/smart-contracts/contracts/mocks/PayableRecoverableMock.sol","s":{},"b":{},"f":{"1":0},"fnMap":{"1":{"name":null,"line":12,"loc":{"start":{"line":12,"column":2},"end":{"line":12,"column":28}}}},"statementMap":{},"branchMap":{}},"contracts/Recoverable.sol":{"l":{"19":0},"path":"/Users/zacharykilgore/src/flexa/smart-contracts/contracts/Recoverable.sol","s":{},"b":{},"f":{"1":0},"fnMap":{"1":{"name":"reclaimEther","line":18,"loc":{"start":{"line":18,"column":2},"end":{"line":18,"column":44}}}},"statementMap":{},"branchMap":{}},"contracts/tokenmarket/UpgradeAgent.sol":{"l":{"21":0},"path":"/Users/zacharykilgore/src/flexa/smart-contracts/contracts/tokenmarket/UpgradeAgent.sol","s":{"1":0},"b":{},"f":{"1":0},"fnMap":{"1":{"name":"isUpgradeAgent","line":20,"loc":{"start":{"line":20,"column":2},"end":{"line":20,"column":58}}}},"statementMap":{"1":{"start":{"line":21,"column":4},"end":{"line":21,"column":15}}},"branchMap":{}},"contracts/TokenVault.sol":{"l":{"74":0,"75":0,"80":0,"81":0,"86":0,"87":0,"107":0,"108":0,"110":0,"111":0,"112":0,"132":0,"133":0,"134":0,"137":0,"138":0,"140":0,"142":0,"152":0,"155":0,"158":0,"160":0,"162":0,"175":0,"177":0,"180":0,"182":0,"184":0,"193":0,"211":0,"223":0,"233":0,"234":0,"236":0,"237":0,"239":0,"241":0,"243":0},"path":"/Users/zacharykilgore/src/flexa/smart-contracts/contracts/TokenVault.sol","s":{"1":0,"2":0,"3":0,"4":0,"5":0,"6":0,"7":0,"8":0,"9":0,"10":0,"11":0,"12":0,"13":0,"14":0,"15":0,"16":0,"17":0,"18":0,"19":0,"20":0,"21":0,"22":0,"23":0,"24":0,"25":0,"26":0,"27":0,"28":0,"29":0,"30":0,"31":0,"32":0,"33":0,"34":0},"b":{"1":[0,0],"2":[0,0],"3":[0,0],"4":[0,0],"5":[0,0],"6":[0,0],"7":[0,0],"8":[0,0],"9":[0,0],"10":[0,0],"11":[0,0],"12":[0,0],"13":[0,0]},"f":{"1":0,"2":0,"3":0,"4":0,"5":0,"6":0,"7":0,"8":0,"9":0,"10":0,"11":0},"fnMap":{"1":{"name":"vaultLoading","line":73,"loc":{"start":{"line":73,"column":2},"end":{"line":73,"column":25}}},"2":{"name":"vaultLocked","line":79,"loc":{"start":{"line":79,"column":2},"end":{"line":79,"column":24}}},"3":{"name":"vaultUnlocked","line":85,"loc":{"start":{"line":85,"column":2},"end":{"line":85,"column":26}}},"4":{"name":"TokenVault","line":100,"loc":{"start":{"line":100,"column":2},"end":{"line":106,"column":3}}},"5":{"name":"setAllocation","line":123,"loc":{"start":{"line":123,"column":2},"end":{"line":131,"column":3}}},"6":{"name":"lock","line":150,"loc":{"start":{"line":150,"column":2},"end":{"line":150,"column":69}}},"7":{"name":"unlock","line":174,"loc":{"start":{"line":174,"column":2},"end":{"line":174,"column":70}}},"8":{"name":"claim","line":192,"loc":{"start":{"line":192,"column":2},"end":{"line":192,"column":61}}},"9":{"name":"transferFor","line":203,"loc":{"start":{"line":203,"column":2},"end":{"line":210,"column":3}}},"10":{"name":"_claimableTokens","line":222,"loc":{"start":{"line":222,"column":2},"end":{"line":222,"column":86}}},"11":{"name":"_transferTokens","line":232,"loc":{"start":{"line":232,"column":2},"end":{"line":232,"column":78}}}},"statementMap":{"1":{"start":{"line":74,"column":4},"end":{"line":74,"column":25}},"2":{"start":{"line":80,"column":4},"end":{"line":80,"column":24}},"3":{"start":{"line":86,"column":4},"end":{"line":86,"column":26}},"4":{"start":{"line":107,"column":4},"end":{"line":107,"column":41}},"5":{"start":{"line":108,"column":4},"end":{"line":108,"column":36}},"6":{"start":{"line":110,"column":4},"end":{"line":110,"column":17}},"7":{"start":{"line":111,"column":4},"end":{"line":111,"column":45}},"8":{"start":{"line":112,"column":4},"end":{"line":112,"column":33}},"9":{"start":{"line":132,"column":4},"end":{"line":132,"column":38}},"10":{"start":{"line":133,"column":4},"end":{"line":133,"column":24}},"11":{"start":{"line":134,"column":4},"end":{"line":134,"column":42}},"12":{"start":{"line":137,"column":4},"end":{"line":137,"column":69}},"13":{"start":{"line":138,"column":4},"end":{"line":138,"column":49}},"14":{"start":{"line":140,"column":4},"end":{"line":140,"column":41}},"15":{"start":{"line":142,"column":4},"end":{"line":142,"column":17}},"16":{"start":{"line":152,"column":4},"end":{"line":152,"column":50}},"17":{"start":{"line":155,"column":4},"end":{"line":155,"column":61}},"18":{"start":{"line":158,"column":4},"end":{"line":158,"column":29}},"19":{"start":{"line":160,"column":4},"end":{"line":160,"column":17}},"20":{"start":{"line":162,"column":4},"end":{"line":162,"column":17}},"21":{"start":{"line":175,"column":4},"end":{"line":175,"column":27}},"22":{"start":{"line":177,"column":4},"end":{"line":177,"column":58}},"23":{"start":{"line":180,"column":4},"end":{"line":180,"column":31}},"24":{"start":{"line":182,"column":4},"end":{"line":182,"column":19}},"25":{"start":{"line":184,"column":4},"end":{"line":184,"column":17}},"26":{"start":{"line":193,"column":4},"end":{"line":193,"column":38}},"27":{"start":{"line":211,"column":4},"end":{"line":211,"column":40}},"28":{"start":{"line":223,"column":4},"end":{"line":223,"column":63}},"29":{"start":{"line":233,"column":4},"end":{"line":233,"column":51}},"30":{"start":{"line":234,"column":4},"end":{"line":234,"column":23}},"31":{"start":{"line":236,"column":4},"end":{"line":236,"column":61}},"32":{"start":{"line":237,"column":4},"end":{"line":237,"column":43}},"33":{"start":{"line":241,"column":4},"end":{"line":241,"column":43}},"34":{"start":{"line":243,"column":4},"end":{"line":243,"column":17}}},"branchMap":{"1":{"line":74,"type":"if","locations":[{"start":{"line":74,"column":4},"end":{"line":74,"column":4}},{"start":{"line":74,"column":4},"end":{"line":74,"column":4}}]},"2":{"line":80,"type":"if","locations":[{"start":{"line":80,"column":4},"end":{"line":80,"column":4}},{"start":{"line":80,"column":4},"end":{"line":80,"column":4}}]},"3":{"line":86,"type":"if","locations":[{"start":{"line":86,"column":4},"end":{"line":86,"column":4}},{"start":{"line":86,"column":4},"end":{"line":86,"column":4}}]},"4":{"line":107,"type":"if","locations":[{"start":{"line":107,"column":4},"end":{"line":107,"column":4}},{"start":{"line":107,"column":4},"end":{"line":107,"column":4}}]},"5":{"line":108,"type":"if","locations":[{"start":{"line":108,"column":4},"end":{"line":108,"column":4}},{"start":{"line":108,"column":4},"end":{"line":108,"column":4}}]},"6":{"line":132,"type":"if","locations":[{"start":{"line":132,"column":4},"end":{"line":132,"column":4}},{"start":{"line":132,"column":4},"end":{"line":132,"column":4}}]},"7":{"line":133,"type":"if","locations":[{"start":{"line":133,"column":4},"end":{"line":133,"column":4}},{"start":{"line":133,"column":4},"end":{"line":133,"column":4}}]},"8":{"line":134,"type":"if","locations":[{"start":{"line":134,"column":4},"end":{"line":134,"column":4}},{"start":{"line":134,"column":4},"end":{"line":134,"column":4}}]},"9":{"line":152,"type":"if","locations":[{"start":{"line":152,"column":4},"end":{"line":152,"column":4}},{"start":{"line":152,"column":4},"end":{"line":152,"column":4}}]},"10":{"line":155,"type":"if","locations":[{"start":{"line":155,"column":4},"end":{"line":155,"column":4}},{"start":{"line":155,"column":4},"end":{"line":155,"column":4}}]},"11":{"line":175,"type":"if","locations":[{"start":{"line":175,"column":4},"end":{"line":175,"column":4}},{"start":{"line":175,"column":4},"end":{"line":175,"column":4}}]},"12":{"line":177,"type":"if","locations":[{"start":{"line":177,"column":4},"end":{"line":177,"column":4}},{"start":{"line":177,"column":4},"end":{"line":177,"column":4}}]},"13":{"line":234,"type":"if","locations":[{"start":{"line":234,"column":4},"end":{"line":234,"column":4}},{"start":{"line":234,"column":4},"end":{"line":234,"column":4}}]}}},"contracts/UpgradeableToken.sol":{"l":{"53":0,"54":0,"64":1,"65":1,"73":0,"74":0,"75":0,"78":0,"79":0,"81":0,"84":0,"86":0,"95":0,"96":0,"106":0,"107":0,"108":0,"110":0,"113":0,"115":0,"117":0,"124":0,"134":0},"path":"/Users/zacharykilgore/src/flexa/smart-contracts/contracts/UpgradeableToken.sol","s":{"1":0,"2":1,"3":1,"4":0,"5":0,"6":0,"7":0,"8":0,"9":0,"10":0,"11":0,"12":0,"13":0,"14":0,"15":0,"16":0,"17":0,"18":0,"19":0,"20":0,"21":0,"22":0,"23":0,"24":0,"25":0,"26":0,"27":0},"b":{"1":[0,0],"2":[1,0],"3":[0,0],"4":[0,0],"5":[0,0],"6":[0,0],"7":[0,0],"8":[0,0],"9":[0,0],"10":[0,0],"11":[0,0],"12":[0,0],"13":[0,0]},"f":{"1":0,"2":1,"3":0,"4":0,"5":0,"6":0,"7":0},"fnMap":{"1":{"name":"onlyUpgradeMaster","line":52,"loc":{"start":{"line":52,"column":2},"end":{"line":52,"column":30}}},"2":{"name":"UpgradeableToken","line":63,"loc":{"start":{"line":63,"column":2},"end":{"line":63,"column":58}}},"3":{"name":"upgrade","line":72,"loc":{"start":{"line":72,"column":2},"end":{"line":72,"column":41}}},"4":{"name":"setUpgradeMaster","line":94,"loc":{"start":{"line":94,"column":2},"end":{"line":94,"column":78}}},"5":{"name":"setUpgradeAgent","line":105,"loc":{"start":{"line":105,"column":2},"end":{"line":105,"column":76}}},"6":{"name":"getUpgradeState","line":123,"loc":{"start":{"line":123,"column":2},"end":{"line":123,"column":62}}},"7":{"name":"canUpgrade","line":133,"loc":{"start":{"line":133,"column":2},"end":{"line":133,"column":49}}}},"statementMap":{"1":{"start":{"line":53,"column":4},"end":{"line":53,"column":39}},"2":{"start":{"line":64,"column":4},"end":{"line":64,"column":40}},"3":{"start":{"line":65,"column":4},"end":{"line":65,"column":33}},"4":{"start":{"line":73,"column":4},"end":{"line":73,"column":41}},"5":{"start":{"line":74,"column":4},"end":{"line":74,"column":83}},"6":{"start":{"line":75,"column":4},"end":{"line":75,"column":22}},"7":{"start":{"line":78,"column":4},"end":{"line":78,"column":58}},"8":{"start":{"line":79,"column":4},"end":{"line":79,"column":42}},"9":{"start":{"line":81,"column":4},"end":{"line":81,"column":44}},"10":{"start":{"line":86,"column":4},"end":{"line":86,"column":50}},"11":{"start":{"line":95,"column":4},"end":{"line":95,"column":40}},"12":{"start":{"line":96,"column":4},"end":{"line":96,"column":33}},"13":{"start":{"line":106,"column":4},"end":{"line":106,"column":24}},"14":{"start":{"line":107,"column":4},"end":{"line":107,"column":39}},"15":{"start":{"line":108,"column":4},"end":{"line":108,"column":55}},"16":{"start":{"line":110,"column":4},"end":{"line":110,"column":45}},"17":{"start":{"line":113,"column":4},"end":{"line":113,"column":41}},"18":{"start":{"line":115,"column":4},"end":{"line":115,"column":57}},"19":{"start":{"line":117,"column":4},"end":{"line":117,"column":38}},"20":{"start":{"line":124,"column":4},"end":{"line":124,"column":4056}},"21":{"start":{"line":124,"column":22},"end":{"line":124,"column":52}},"22":{"start":{"line":125,"column":9},"end":{"line":125,"column":4115}},"23":{"start":{"line":125,"column":49},"end":{"line":125,"column":84}},"24":{"start":{"line":126,"column":9},"end":{"line":126,"column":4201}},"25":{"start":{"line":126,"column":32},"end":{"line":126,"column":66}},"26":{"start":{"line":127,"column":9},"end":{"line":127,"column":38}},"27":{"start":{"line":134,"column":4},"end":{"line":134,"column":15}}},"branchMap":{"1":{"line":53,"type":"if","locations":[{"start":{"line":53,"column":4},"end":{"line":53,"column":4}},{"start":{"line":53,"column":4},"end":{"line":53,"column":4}}]},"2":{"line":64,"type":"if","locations":[{"start":{"line":64,"column":4},"end":{"line":64,"column":4}},{"start":{"line":64,"column":4},"end":{"line":64,"column":4}}]},"3":{"line":74,"type":"if","locations":[{"start":{"line":74,"column":4},"end":{"line":74,"column":4}},{"start":{"line":74,"column":4},"end":{"line":74,"column":4}}]},"4":{"line":75,"type":"if","locations":[{"start":{"line":75,"column":4},"end":{"line":75,"column":4}},{"start":{"line":75,"column":4},"end":{"line":75,"column":4}}]},"5":{"line":95,"type":"if","locations":[{"start":{"line":95,"column":4},"end":{"line":95,"column":4}},{"start":{"line":95,"column":4},"end":{"line":95,"column":4}}]},"6":{"line":106,"type":"if","locations":[{"start":{"line":106,"column":4},"end":{"line":106,"column":4}},{"start":{"line":106,"column":4},"end":{"line":106,"column":4}}]},"7":{"line":107,"type":"if","locations":[{"start":{"line":107,"column":4},"end":{"line":107,"column":4}},{"start":{"line":107,"column":4},"end":{"line":107,"column":4}}]},"8":{"line":108,"type":"if","locations":[{"start":{"line":108,"column":4},"end":{"line":108,"column":4}},{"start":{"line":108,"column":4},"end":{"line":108,"column":4}}]},"9":{"line":113,"type":"if","locations":[{"start":{"line":113,"column":4},"end":{"line":113,"column":4}},{"start":{"line":113,"column":4},"end":{"line":113,"column":4}}]},"10":{"line":115,"type":"if","locations":[{"start":{"line":115,"column":4},"end":{"line":115,"column":4}},{"start":{"line":115,"column":4},"end":{"line":115,"column":4}}]},"11":{"line":124,"type":"if","locations":[{"start":{"line":124,"column":4},"end":{"line":124,"column":4}},{"start":{"line":124,"column":4},"end":{"line":124,"column":4}}]},"12":{"line":125,"type":"if","locations":[{"start":{"line":125,"column":9},"end":{"line":125,"column":9}},{"start":{"line":125,"column":9},"end":{"line":125,"column":9}}]},"13":{"line":126,"type":"if","locations":[{"start":{"line":126,"column":9},"end":{"line":126,"column":9}},{"start":{"line":126,"column":9},"end":{"line":126,"column":9}}]}}}}